0 info it worked if it ends with ok
1 verbose cli [ '/usr/local/bin/node', '/usr/local/bin/npm', 'start' ]
2 info using npm@3.3.12
3 info using node@v5.5.0
4 verbose run-script [ 'prestart', 'start', 'poststart' ]
5 info lifecycle shopping-cart-server-cik@1.0.0~prestart: shopping-cart-server-cik@1.0.0
6 silly lifecycle shopping-cart-server-cik@1.0.0~prestart: no script for prestart, continuing
7 info lifecycle shopping-cart-server-cik@1.0.0~start: shopping-cart-server-cik@1.0.0
8 verbose lifecycle shopping-cart-server-cik@1.0.0~start: unsafe-perm in lifecycle true
9 verbose lifecycle shopping-cart-server-cik@1.0.0~start: PATH: /usr/local/lib/node_modules/npm/bin/node-gyp-bin:/Users/apprentice/workspace/weka-2015/shopping-cart-server-cik/node_modules/.bin:/Users/apprentice/.rvm/gems/ruby-2.2.1/bin:/Users/apprentice/.rvm/gems/ruby-2.2.1@global/bin:/Users/apprentice/.rvm/rubies/ruby-2.2.1/bin:/Users/apprentice/.rbenv/shims:/usr/local/bin:/usr/local/bin:/usr/bin:/bin:/usr/sbin:/sbin:/Users/apprentice/.rvm/bin
10 verbose lifecycle shopping-cart-server-cik@1.0.0~start: CWD: /Users/apprentice/workspace/weka-2015/shopping-cart-server-cik
11 silly lifecycle shopping-cart-server-cik@1.0.0~start: Args: [ '-c', 'babel index.js | node' ]
12 silly lifecycle shopping-cart-server-cik@1.0.0~start: Returned: code: 1  signal: null
13 info lifecycle shopping-cart-server-cik@1.0.0~start: Failed to exec start script
14 verbose stack Error: shopping-cart-server-cik@1.0.0 start: `babel index.js | node`
14 verbose stack Exit status 1
14 verbose stack     at EventEmitter.<anonymous> (/usr/local/lib/node_modules/npm/lib/utils/lifecycle.js:232:16)
14 verbose stack     at emitTwo (events.js:100:13)
14 verbose stack     at EventEmitter.emit (events.js:185:7)
14 verbose stack     at ChildProcess.<anonymous> (/usr/local/lib/node_modules/npm/lib/utils/spawn.js:24:14)
14 verbose stack     at emitTwo (events.js:100:13)
14 verbose stack     at ChildProcess.emit (events.js:185:7)
14 verbose stack     at maybeClose (internal/child_process.js:821:16)
14 verbose stack     at Process.ChildProcess._handle.onexit (internal/child_process.js:211:5)
15 verbose pkgid shopping-cart-server-cik@1.0.0
16 verbose cwd /Users/apprentice/workspace/weka-2015/shopping-cart-server-cik
17 error Darwin 14.1.0
18 error argv "/usr/local/bin/node" "/usr/local/bin/npm" "start"
19 error node v5.5.0
20 error npm  v3.3.12
21 error code ELIFECYCLE
22 error shopping-cart-server-cik@1.0.0 start: `babel index.js | node`
22 error Exit status 1
23 error Failed at the shopping-cart-server-cik@1.0.0 start script 'babel index.js | node'.
23 error Make sure you have the latest version of node.js and npm installed.
23 error If you do, this is most likely a problem with the shopping-cart-server-cik package,
23 error not with npm itself.
23 error Tell the author that this fails on your system:
23 error     babel index.js | node
23 error You can get their info via:
23 error     npm owner ls shopping-cart-server-cik
23 error There is likely additional logging output above.
24 verbose exit [ 1, true ]
